# JRE version: Java(TM) SE Runtime Environment (8.0_271-b09) (build 1.8.0_271-b09)
# Java VM: Java HotSpot(TM) 64-Bit Server VM (25.271-b09 mixed mode linux-amd64 compressed oops)
Heap:
 PSYoungGen      total 558592K, used 245665K [0x0000000777200000, 0x000000079ad80000, 0x00000007c0000000)
  eden space 540160K, 42% used [0x0000000777200000,0x0000000784fec400,0x0000000798180000)
  from space 18432K, 99% used [0x0000000799a00000,0x000000079abfc030,0x000000079ac00000)
  to   space 22528K, 0% used [0x0000000798180000,0x0000000798180000,0x0000000799780000)
 ParOldGen       total 179200K, used 29051K [0x00000006e5600000, 0x00000006f0500000, 0x0000000777200000)
  object space 179200K, 16% used [0x00000006e5600000,0x00000006e725ed28,0x00000006f0500000)
 Metaspace       used 79778K, capacity 84630K, committed 84760K, reserved 1122304K
  class space    used 10994K, capacity 11769K, committed 11824K, reserved 1048576K
GC Heap History (10 events):
Event: 8,344 GC heap before
{Heap before GC invocations=13 (full 2):
 PSYoungGen      total 372224K, used 116558K [0x0000000777200000, 0x000000078f180000, 0x00000007c0000000)
  eden space 358912K, 28% used [0x0000000777200000,0x000000077d6d9a38,0x000000078d080000)
  from space 13312K, 99% used [0x000000078e480000,0x000000078f179dc8,0x000000078f180000)
  to   space 15872K, 0% used [0x000000078d280000,0x000000078d280000,0x000000078e200000)
 ParOldGen       total 131072K, used 21574K [0x00000006e5600000, 0x00000006ed600000, 0x0000000777200000)
  object space 131072K, 16% used [0x00000006e5600000,0x00000006e6b11900,0x00000006ed600000)
 Metaspace       used 56508K, capacity 59018K, committed 59160K, reserved 1099776K
  class space    used 7708K, capacity 8163K, committed 8240K, reserved 1048576K
Event: 8,354 GC heap after
Heap after GC invocations=13 (full 2):
 PSYoungGen      total 376832K, used 3268K [0x0000000777200000, 0x0000000794a00000, 0x00000007c0000000)
  eden space 360960K, 0% used [0x0000000777200000,0x0000000777200000,0x000000078d280000)
  from space 15872K, 20% used [0x000000078d280000,0x000000078d5b1188,0x000000078e200000)
  to   space 16384K, 0% used [0x0000000793a00000,0x0000000793a00000,0x0000000794a00000)
 ParOldGen       total 131072K, used 30842K [0x00000006e5600000, 0x00000006ed600000, 0x0000000777200000)
  object space 131072K, 23% used [0x00000006e5600000,0x00000006e741e8a0,0x00000006ed600000)
 Metaspace       used 56508K, capacity 59018K, committed 59160K, reserved 1099776K
  class space    used 7708K, capacity 8163K, committed 8240K, reserved 1048576K
}
Event: 8,354 GC heap before
{Heap before GC invocations=14 (full 3):
 PSYoungGen      total 376832K, used 3268K [0x0000000777200000, 0x0000000794a00000, 0x00000007c0000000)
  eden space 360960K, 0% used [0x0000000777200000,0x0000000777200000,0x000000078d280000)
  from space 15872K, 20% used [0x000000078d280000,0x000000078d5b1188,0x000000078e200000)
  to   space 16384K, 0% used [0x0000000793a00000,0x0000000793a00000,0x0000000794a00000)
 ParOldGen       total 131072K, used 30842K [0x00000006e5600000, 0x00000006ed600000, 0x0000000777200000)
  object space 131072K, 23% used [0x00000006e5600000,0x00000006e741e8a0,0x00000006ed600000)
 Metaspace       used 56508K, capacity 59018K, committed 59160K, reserved 1099776K
  class space    used 7708K, capacity 8163K, committed 8240K, reserved 1048576K
Event: 8,440 GC heap after
Heap after GC invocations=14 (full 3):
 PSYoungGen      total 376832K, used 0K [0x0000000777200000, 0x0000000794a00000, 0x00000007c0000000)
  eden space 360960K, 0% used [0x0000000777200000,0x0000000777200000,0x000000078d280000)
  from space 15872K, 0% used [0x000000078d280000,0x000000078d280000,0x000000078e200000)
  to   space 16384K, 0% used [0x0000000793a00000,0x0000000793a00000,0x0000000794a00000)
 ParOldGen       total 179200K, used 24456K [0x00000006e5600000, 0x00000006f0500000, 0x0000000777200000)
  object space 179200K, 13% used [0x00000006e5600000,0x00000006e6de20f0,0x00000006f0500000)
 Metaspace       used 56508K, capacity 59018K, committed 59160K, reserved 1099776K
  class space    used 7708K, capacity 8163K, committed 8240K, reserved 1048576K
}
Event: 10,395 GC heap before
{Heap before GC invocations=15 (full 3):
 PSYoungGen      total 376832K, used 360960K [0x0000000777200000, 0x0000000794a00000, 0x00000007c0000000)
  eden space 360960K, 100% used [0x0000000777200000,0x000000078d280000,0x000000078d280000)
  from space 15872K, 0% used [0x000000078d280000,0x000000078d280000,0x000000078e200000)
  to   space 16384K, 0% used [0x0000000793a00000,0x0000000793a00000,0x0000000794a00000)
 ParOldGen       total 179200K, used 24456K [0x00000006e5600000, 0x00000006f0500000, 0x0000000777200000)
  object space 179200K, 13% used [0x00000006e5600000,0x00000006e6de20f0,0x00000006f0500000)
 Metaspace       used 63341K, capacity 66722K, committed 66968K, reserved 1107968K
  class space    used 8713K, capacity 9271K, committed 9392K, reserved 1048576K
Event: 10,406 GC heap after
Heap after GC invocations=15 (full 3):
 PSYoungGen      total 458752K, used 11276K [0x0000000777200000, 0x0000000794600000, 0x00000007c0000000)
  eden space 446464K, 0% used [0x0000000777200000,0x0000000777200000,0x0000000792600000)
  from space 12288K, 91% used [0x0000000793a00000,0x00000007945032b8,0x0000000794600000)
  to   space 16384K, 0% used [0x0000000792600000,0x0000000792600000,0x0000000793600000)
 ParOldGen       total 179200K, used 24464K [0x00000006e5600000, 0x00000006f0500000, 0x0000000777200000)
  object space 179200K, 13% used [0x00000006e5600000,0x00000006e6de40f0,0x00000006f0500000)
 Metaspace       used 63341K, capacity 66722K, committed 66968K, reserved 1107968K
  class space    used 8713K, capacity 9271K, committed 9392K, reserved 1048576K
}
Event: 11,941 GC heap before
{Heap before GC invocations=16 (full 3):
 PSYoungGen      total 458752K, used 457740K [0x0000000777200000, 0x0000000794600000, 0x00000007c0000000)
  eden space 446464K, 100% used [0x0000000777200000,0x0000000792600000,0x0000000792600000)
  from space 12288K, 91% used [0x0000000793a00000,0x00000007945032b8,0x0000000794600000)
  to   space 16384K, 0% used [0x0000000792600000,0x0000000792600000,0x0000000793600000)
 ParOldGen       total 179200K, used 24464K [0x00000006e5600000, 0x00000006f0500000, 0x0000000777200000)
  object space 179200K, 13% used [0x00000006e5600000,0x00000006e6de40f0,0x00000006f0500000)
 Metaspace       used 68489K, capacity 72114K, committed 72472K, reserved 1112064K
  class space    used 9383K, capacity 9989K, committed 10032K, reserved 1048576K
Event: 11,960 GC heap after
Heap after GC invocations=16 (full 3):
 PSYoungGen      total 462848K, used 15800K [0x0000000777200000, 0x000000079ac00000, 0x00000007c0000000)
  eden space 446464K, 0% used [0x0000000777200000,0x0000000777200000,0x0000000792600000)
  from space 16384K, 96% used [0x0000000792600000,0x000000079356e120,0x0000000793600000)
  to   space 18432K, 0% used [0x0000000799a00000,0x0000000799a00000,0x000000079ac00000)
 ParOldGen       total 179200K, used 24472K [0x00000006e5600000, 0x00000006f0500000, 0x0000000777200000)
  object space 179200K, 13% used [0x00000006e5600000,0x00000006e6de60f0,0x00000006f0500000)
 Metaspace       used 68489K, capacity 72114K, committed 72472K, reserved 1112064K
  class space    used 9383K, capacity 9989K, committed 10032K, reserved 1048576K
}
Event: 13,727 GC heap before
{Heap before GC invocations=17 (full 3):
 PSYoungGen      total 462848K, used 462264K [0x0000000777200000, 0x000000079ac00000, 0x00000007c0000000)
  eden space 446464K, 100% used [0x0000000777200000,0x0000000792600000,0x0000000792600000)
  from space 16384K, 96% used [0x0000000792600000,0x000000079356e120,0x0000000793600000)
  to   space 18432K, 0% used [0x0000000799a00000,0x0000000799a00000,0x000000079ac00000)
 ParOldGen       total 179200K, used 24472K [0x00000006e5600000, 0x00000006f0500000, 0x0000000777200000)
  object space 179200K, 13% used [0x00000006e5600000,0x00000006e6de60f0,0x00000006f0500000)
 Metaspace       used 71696K, capacity 76234K, committed 76568K, reserved 1116160K
  class space    used 9932K, capacity 10677K, committed 10800K, reserved 1048576K
Event: 13,745 GC heap after
Heap after GC invocations=17 (full 3):
 PSYoungGen      total 558592K, used 18416K [0x0000000777200000, 0x000000079ad80000, 0x00000007c0000000)
  eden space 540160K, 0% used [0x0000000777200000,0x0000000777200000,0x0000000798180000)
  from space 18432K, 99% used [0x0000000799a00000,0x000000079abfc030,0x000000079ac00000)
  to   space 22528K, 0% used [0x0000000798180000,0x0000000798180000,0x0000000799780000)
 ParOldGen       total 179200K, used 29051K [0x00000006e5600000, 0x00000006f0500000, 0x0000000777200000)
  object space 179200K, 16% used [0x00000006e5600000,0x00000006e725ed28,0x00000006f0500000)
 Metaspace       used 71696K, capacity 76234K, committed 76568K, reserved 1116160K
  class space    used 9932K, capacity 10677K, committed 10800K, reserved 1048576K
}

